{"E:\\mern stack course\\30 day project\\EnterpriseSOP\\backend\\app.js": {"path":"E:\\mern stack course\\30 day project\\EnterpriseSOP\\backend\\app.js","statementMap":{"0":{"start":{"line":33,"column":0},"end":{"line":33,"column":15}},"1":{"start":{"line":1,"column":20},"end":{"line":1,"column":null}},"2":{"start":{"line":2,"column":19},"end":{"line":2,"column":null}},"3":{"start":{"line":3,"column":17},"end":{"line":3,"column":null}},"4":{"start":{"line":4,"column":32},"end":{"line":4,"column":null}},"5":{"start":{"line":5,"column":25},"end":{"line":5,"column":null}},"6":{"start":{"line":6,"column":23},"end":{"line":6,"column":null}},"7":{"start":{"line":7,"column":25},"end":{"line":7,"column":null}},"8":{"start":{"line":8,"column":18},"end":{"line":8,"column":null}},"9":{"start":{"line":9,"column":12},"end":{"line":9,"column":null}},"10":{"start":{"line":12,"column":0},"end":{"line":12,"column":null}},"11":{"start":{"line":14,"column":0},"end":{"line":14,"column":null}},"12":{"start":{"line":15,"column":0},"end":{"line":20,"column":null}},"13":{"start":{"line":21,"column":0},"end":{"line":21,"column":null}},"14":{"start":{"line":22,"column":0},"end":{"line":22,"column":null}},"15":{"start":{"line":24,"column":0},"end":{"line":24,"column":null}},"16":{"start":{"line":25,"column":0},"end":{"line":25,"column":null}},"17":{"start":{"line":27,"column":0},"end":{"line":27,"column":null}},"18":{"start":{"line":28,"column":0},"end":{"line":31,"column":null}},"19":{"start":{"line":29,"column":4},"end":{"line":29,"column":null}},"20":{"start":{"line":33,"column":15},"end":{"line":33,"column":null}}},"fnMap":{"0":{"name":"(anonymous_2)","decl":{"start":{"line":28,"column":28},"end":{"line":28,"column":null}},"loc":{"start":{"line":28,"column":28},"end":{"line":31,"column":null}}}},"branchMap":{},"s":{"0":29,"1":3,"2":3,"3":3,"4":3,"5":3,"6":3,"7":3,"8":3,"9":3,"10":3,"11":3,"12":3,"13":3,"14":3,"15":3,"16":3,"17":3,"18":3,"19":3,"20":3},"f":{"0":3},"b":{}}
,"E:\\mern stack course\\30 day project\\EnterpriseSOP\\backend\\controller\\chatController.js": {"path":"E:\\mern stack course\\30 day project\\EnterpriseSOP\\backend\\controller\\chatController.js","statementMap":{"0":{"start":{"line":5,"column":13},"end":{"line":5,"column":24}},"1":{"start":{"line":1,"column":28},"end":{"line":1,"column":null}},"2":{"start":{"line":3,"column":32},"end":{"line":3,"column":null}},"3":{"start":{"line":5,"column":24},"end":{"line":44,"column":null}},"4":{"start":{"line":6,"column":23},"end":{"line":6,"column":31}},"5":{"start":{"line":7,"column":2},"end":{"line":7,"column":null}},"6":{"start":{"line":10,"column":16},"end":{"line":12,"column":null}},"7":{"start":{"line":14,"column":24},"end":{"line":14,"column":null}},"8":{"start":{"line":16,"column":2},"end":{"line":18,"column":null}},"9":{"start":{"line":17,"column":4},"end":{"line":17,"column":null}},"10":{"start":{"line":20,"column":22},"end":{"line":20,"column":null}},"11":{"start":{"line":20,"column":47},"end":{"line":20,"column":53}},"12":{"start":{"line":24,"column":17},"end":{"line":33,"column":1}},"13":{"start":{"line":35,"column":17},"end":{"line":38,"column":null}},"14":{"start":{"line":40,"column":2},"end":{"line":43,"column":null}},"15":{"start":{"line":42,"column":38},"end":{"line":42,"column":52}}},"fnMap":{"0":{"name":"(anonymous_1)","decl":{"start":{"line":5,"column":24},"end":{"line":5,"column":31}},"loc":{"start":{"line":5,"column":36},"end":{"line":44,"column":null}}},"1":{"name":"(anonymous_2)","decl":{"start":{"line":20,"column":40},"end":{"line":20,"column":41}},"loc":{"start":{"line":20,"column":47},"end":{"line":20,"column":53}}},"2":{"name":"(anonymous_3)","decl":{"start":{"line":42,"column":31},"end":{"line":42,"column":32}},"loc":{"start":{"line":42,"column":38},"end":{"line":42,"column":52}}}},"branchMap":{"0":{"loc":{"start":{"line":16,"column":2},"end":{"line":18,"column":null}},"type":"if","locations":[{"start":{"line":16,"column":2},"end":{"line":18,"column":null}},{"start":{},"end":{}}]}},"s":{"0":3,"1":3,"2":3,"3":3,"4":5,"5":5,"6":5,"7":5,"8":4,"9":1,"10":3,"11":4,"12":3,"13":3,"14":1,"15":2},"f":{"0":5,"1":4,"2":2},"b":{"0":[1,3]}}
,"E:\\mern stack course\\30 day project\\EnterpriseSOP\\backend\\controller\\uploadController.js": {"path":"E:\\mern stack course\\30 day project\\EnterpriseSOP\\backend\\controller\\uploadController.js","statementMap":{"0":{"start":{"line":51,"column":13},"end":{"line":51,"column":25}},"1":{"start":{"line":69,"column":13},"end":{"line":69,"column":26}},"2":{"start":{"line":7,"column":13},"end":{"line":7,"column":25}},"3":{"start":{"line":1,"column":37},"end":{"line":1,"column":null}},"4":{"start":{"line":2,"column":34},"end":{"line":2,"column":null}},"5":{"start":{"line":3,"column":21},"end":{"line":3,"column":null}},"6":{"start":{"line":4,"column":29},"end":{"line":4,"column":null}},"7":{"start":{"line":5,"column":20},"end":{"line":5,"column":null}},"8":{"start":{"line":7,"column":25},"end":{"line":47,"column":null}},"9":{"start":{"line":8,"column":17},"end":{"line":8,"column":null}},"10":{"start":{"line":9,"column":15},"end":{"line":12,"column":null}},"11":{"start":{"line":13,"column":0},"end":{"line":13,"column":null}},"12":{"start":{"line":24,"column":3},"end":{"line":44,"column":null}},"13":{"start":{"line":24,"column":16},"end":{"line":24,"column":19}},"14":{"start":{"line":25,"column":18},"end":{"line":25,"column":27}},"15":{"start":{"line":26,"column":4},"end":{"line":43,"column":null}},"16":{"start":{"line":27,"column":24},"end":{"line":27,"column":null}},"17":{"start":{"line":28,"column":6},"end":{"line":32,"column":null}},"18":{"start":{"line":33,"column":6},"end":{"line":33,"column":null}},"19":{"start":{"line":36,"column":6},"end":{"line":38,"column":null}},"20":{"start":{"line":37,"column":8},"end":{"line":37,"column":null}},"21":{"start":{"line":37,"column":37},"end":{"line":37,"column":null}},"22":{"start":{"line":40,"column":6},"end":{"line":40,"column":null}},"23":{"start":{"line":46,"column":2},"end":{"line":46,"column":null}},"24":{"start":{"line":51,"column":25},"end":{"line":64,"column":null}},"25":{"start":{"line":52,"column":17},"end":{"line":52,"column":25}},"26":{"start":{"line":54,"column":19},"end":{"line":56,"column":null}},"27":{"start":{"line":57,"column":2},"end":{"line":59,"column":null}},"28":{"start":{"line":61,"column":2},"end":{"line":63,"column":null}},"29":{"start":{"line":69,"column":26},"end":{"line":75,"column":null}},"30":{"start":{"line":70,"column":15},"end":{"line":70,"column":null}},"31":{"start":{"line":71,"column":2},"end":{"line":74,"column":null}}},"fnMap":{"0":{"name":"(anonymous_5)","decl":{"start":{"line":7,"column":25},"end":{"line":7,"column":32}},"loc":{"start":{"line":7,"column":37},"end":{"line":47,"column":null}}},"1":{"name":"(anonymous_6)","decl":{"start":{"line":37,"column":26},"end":{"line":37,"column":37}},"loc":{"start":{"line":37,"column":37},"end":{"line":37,"column":null}}},"2":{"name":"(anonymous_7)","decl":{"start":{"line":51,"column":42},"end":{"line":51,"column":48}},"loc":{"start":{"line":51,"column":52},"end":{"line":64,"column":null}}},"3":{"name":"(anonymous_8)","decl":{"start":{"line":69,"column":43},"end":{"line":69,"column":49}},"loc":{"start":{"line":69,"column":53},"end":{"line":75,"column":null}}}},"branchMap":{"0":{"loc":{"start":{"line":36,"column":6},"end":{"line":38,"column":null}},"type":"if","locations":[{"start":{"line":36,"column":6},"end":{"line":38,"column":null}},{"start":{},"end":{}}]}},"s":{"0":3,"1":3,"2":3,"3":3,"4":3,"5":3,"6":3,"7":3,"8":3,"9":0,"10":0,"11":0,"12":0,"13":0,"14":0,"15":0,"16":0,"17":0,"18":0,"19":0,"20":0,"21":0,"22":0,"23":0,"24":3,"25":0,"26":0,"27":0,"28":0,"29":3,"30":0,"31":0},"f":{"0":0,"1":0,"2":0,"3":0},"b":{"0":[0,0]}}
,"E:\\mern stack course\\30 day project\\EnterpriseSOP\\backend\\controller\\userController.js": {"path":"E:\\mern stack course\\30 day project\\EnterpriseSOP\\backend\\controller\\userController.js","statementMap":{"0":{"start":{"line":297,"column":13},"end":{"line":297,"column":27}},"1":{"start":{"line":215,"column":13},"end":{"line":215,"column":24}},"2":{"start":{"line":263,"column":13},"end":{"line":263,"column":26}},"3":{"start":{"line":91,"column":13},"end":{"line":91,"column":30}},"4":{"start":{"line":227,"column":13},"end":{"line":227,"column":30}},"5":{"start":{"line":177,"column":13},"end":{"line":177,"column":30}},"6":{"start":{"line":34,"column":13},"end":{"line":34,"column":25}},"7":{"start":{"line":74,"column":13},"end":{"line":74,"column":22}},"8":{"start":{"line":286,"column":13},"end":{"line":286,"column":18}},"9":{"start":{"line":12,"column":13},"end":{"line":12,"column":28}},"10":{"start":{"line":142,"column":13},"end":{"line":142,"column":29}},"11":{"start":{"line":189,"column":13},"end":{"line":189,"column":30}},"12":{"start":{"line":244,"column":13},"end":{"line":244,"column":26}},"13":{"start":{"line":1,"column":29},"end":{"line":1,"column":null}},"14":{"start":{"line":2,"column":41},"end":{"line":2,"column":null}},"15":{"start":{"line":3,"column":25},"end":{"line":3,"column":null}},"16":{"start":{"line":4,"column":22},"end":{"line":4,"column":null}},"17":{"start":{"line":5,"column":22},"end":{"line":5,"column":null}},"18":{"start":{"line":6,"column":19},"end":{"line":6,"column":null}},"19":{"start":{"line":7,"column":17},"end":{"line":7,"column":null}},"20":{"start":{"line":12,"column":28},"end":{"line":31,"column":null}},"21":{"start":{"line":14,"column":36},"end":{"line":14,"column":44}},"22":{"start":{"line":16,"column":17},"end":{"line":20,"column":null}},"23":{"start":{"line":24,"column":4},"end":{"line":26,"column":null}},"24":{"start":{"line":34,"column":25},"end":{"line":71,"column":null}},"25":{"start":{"line":36,"column":30},"end":{"line":36,"column":38}},"26":{"start":{"line":38,"column":4},"end":{"line":38,"column":null}},"27":{"start":{"line":40,"column":4},"end":{"line":42,"column":null}},"28":{"start":{"line":41,"column":8},"end":{"line":41,"column":null}},"29":{"start":{"line":45,"column":17},"end":{"line":45,"column":null}},"30":{"start":{"line":47,"column":4},"end":{"line":49,"column":null}},"31":{"start":{"line":47,"column":35},"end":{"line":49,"column":null}},"32":{"start":{"line":50,"column":4},"end":{"line":52,"column":null}},"33":{"start":{"line":51,"column":8},"end":{"line":51,"column":null}},"34":{"start":{"line":55,"column":30},"end":{"line":55,"column":null}},"35":{"start":{"line":57,"column":4},"end":{"line":59,"column":null}},"36":{"start":{"line":58,"column":8},"end":{"line":58,"column":null}},"37":{"start":{"line":60,"column":4},"end":{"line":60,"column":null}},"38":{"start":{"line":69,"column":4},"end":{"line":69,"column":null}},"39":{"start":{"line":74,"column":22},"end":{"line":86,"column":null}},"40":{"start":{"line":76,"column":4},"end":{"line":79,"column":null}},"41":{"start":{"line":81,"column":4},"end":{"line":83,"column":null}},"42":{"start":{"line":91,"column":30},"end":{"line":136,"column":null}},"43":{"start":{"line":95,"column":17},"end":{"line":95,"column":null}},"44":{"start":{"line":97,"column":4},"end":{"line":99,"column":null}},"45":{"start":{"line":98,"column":8},"end":{"line":98,"column":null}},"46":{"start":{"line":103,"column":23},"end":{"line":103,"column":null}},"47":{"start":{"line":105,"column":4},"end":{"line":105,"column":null}},"48":{"start":{"line":109,"column":21},"end":{"line":109,"column":79}},"49":{"start":{"line":111,"column":20},"end":{"line":111,"column":null}},"50":{"start":{"line":114,"column":4},"end":{"line":133,"column":null}},"51":{"start":{"line":116,"column":8},"end":{"line":120,"column":null}},"52":{"start":{"line":122,"column":8},"end":{"line":124,"column":null}},"53":{"start":{"line":127,"column":7},"end":{"line":127,"column":null}},"54":{"start":{"line":128,"column":7},"end":{"line":128,"column":null}},"55":{"start":{"line":130,"column":7},"end":{"line":130,"column":null}},"56":{"start":{"line":131,"column":7},"end":{"line":131,"column":null}},"57":{"start":{"line":142,"column":29},"end":{"line":173,"column":null}},"58":{"start":{"line":146,"column":31},"end":{"line":146,"column":null}},"59":{"start":{"line":148,"column":17},"end":{"line":151,"column":null}},"60":{"start":{"line":153,"column":4},"end":{"line":155,"column":null}},"61":{"start":{"line":154,"column":8},"end":{"line":154,"column":null}},"62":{"start":{"line":157,"column":4},"end":{"line":159,"column":null}},"63":{"start":{"line":158,"column":8},"end":{"line":158,"column":null}},"64":{"start":{"line":163,"column":4},"end":{"line":163,"column":null}},"65":{"start":{"line":165,"column":4},"end":{"line":165,"column":null}},"66":{"start":{"line":166,"column":4},"end":{"line":166,"column":null}},"67":{"start":{"line":168,"column":4},"end":{"line":168,"column":null}},"68":{"start":{"line":170,"column":4},"end":{"line":170,"column":null}},"69":{"start":{"line":177,"column":30},"end":{"line":185,"column":null}},"70":{"start":{"line":179,"column":17},"end":{"line":179,"column":null}},"71":{"start":{"line":181,"column":4},"end":{"line":183,"column":null}},"72":{"start":{"line":189,"column":30},"end":{"line":210,"column":null}},"73":{"start":{"line":191,"column":17},"end":{"line":191,"column":null}},"74":{"start":{"line":195,"column":30},"end":{"line":195,"column":null}},"75":{"start":{"line":197,"column":4},"end":{"line":199,"column":null}},"76":{"start":{"line":198,"column":8},"end":{"line":198,"column":null}},"77":{"start":{"line":201,"column":4},"end":{"line":201,"column":null}},"78":{"start":{"line":203,"column":4},"end":{"line":203,"column":null}},"79":{"start":{"line":205,"column":4},"end":{"line":207,"column":null}},"80":{"start":{"line":215,"column":24},"end":{"line":223,"column":null}},"81":{"start":{"line":217,"column":18},"end":{"line":217,"column":null}},"82":{"start":{"line":219,"column":4},"end":{"line":221,"column":null}},"83":{"start":{"line":227,"column":30},"end":{"line":239,"column":null}},"84":{"start":{"line":229,"column":17},"end":{"line":229,"column":null}},"85":{"start":{"line":231,"column":4},"end":{"line":233,"column":null}},"86":{"start":{"line":232,"column":8},"end":{"line":232,"column":null}},"87":{"start":{"line":235,"column":4},"end":{"line":237,"column":null}},"88":{"start":{"line":244,"column":26},"end":{"line":258,"column":null}},"89":{"start":{"line":246,"column":24},"end":{"line":250,"column":null}},"90":{"start":{"line":252,"column":17},"end":{"line":252,"column":null}},"91":{"start":{"line":254,"column":4},"end":{"line":256,"column":null}},"92":{"start":{"line":263,"column":26},"end":{"line":282,"column":null}},"93":{"start":{"line":267,"column":17},"end":{"line":267,"column":null}},"94":{"start":{"line":269,"column":4},"end":{"line":271,"column":null}},"95":{"start":{"line":270,"column":8},"end":{"line":270,"column":null}},"96":{"start":{"line":276,"column":4},"end":{"line":276,"column":null}},"97":{"start":{"line":278,"column":4},"end":{"line":280,"column":null}},"98":{"start":{"line":286,"column":18},"end":{"line":293,"column":null}},"99":{"start":{"line":287,"column":17},"end":{"line":287,"column":null}},"100":{"start":{"line":288,"column":4},"end":{"line":288,"column":null}},"101":{"start":{"line":290,"column":4},"end":{"line":292,"column":null}},"102":{"start":{"line":297,"column":27},"end":{"line":316,"column":null}},"103":{"start":{"line":298,"column":24},"end":{"line":298,"column":32}},"104":{"start":{"line":300,"column":17},"end":{"line":300,"column":null}},"105":{"start":{"line":302,"column":4},"end":{"line":304,"column":null}},"106":{"start":{"line":303,"column":8},"end":{"line":303,"column":null}},"107":{"start":{"line":305,"column":22},"end":{"line":307,"column":null}},"108":{"start":{"line":309,"column":4},"end":{"line":309,"column":null}},"109":{"start":{"line":311,"column":4},"end":{"line":311,"column":null}},"110":{"start":{"line":311,"column":25},"end":{"line":311,"column":null}},"111":{"start":{"line":313,"column":4},"end":{"line":315,"column":null}}},"fnMap":{"0":{"name":"(anonymous_15)","decl":{"start":{"line":12,"column":45},"end":{"line":12,"column":51}},"loc":{"start":{"line":12,"column":56},"end":{"line":31,"column":null}}},"1":{"name":"(anonymous_16)","decl":{"start":{"line":34,"column":42},"end":{"line":34,"column":48}},"loc":{"start":{"line":34,"column":58},"end":{"line":71,"column":null}}},"2":{"name":"(anonymous_17)","decl":{"start":{"line":74,"column":39},"end":{"line":74,"column":45}},"loc":{"start":{"line":74,"column":55},"end":{"line":86,"column":null}}},"3":{"name":"(anonymous_18)","decl":{"start":{"line":91,"column":47},"end":{"line":91,"column":53}},"loc":{"start":{"line":91,"column":63},"end":{"line":136,"column":null}}},"4":{"name":"(anonymous_19)","decl":{"start":{"line":142,"column":46},"end":{"line":142,"column":52}},"loc":{"start":{"line":142,"column":62},"end":{"line":173,"column":null}}},"5":{"name":"(anonymous_20)","decl":{"start":{"line":177,"column":47},"end":{"line":177,"column":53}},"loc":{"start":{"line":177,"column":63},"end":{"line":185,"column":null}}},"6":{"name":"(anonymous_21)","decl":{"start":{"line":189,"column":47},"end":{"line":189,"column":53}},"loc":{"start":{"line":189,"column":63},"end":{"line":210,"column":null}}},"7":{"name":"(anonymous_22)","decl":{"start":{"line":215,"column":41},"end":{"line":215,"column":47}},"loc":{"start":{"line":215,"column":57},"end":{"line":223,"column":null}}},"8":{"name":"(anonymous_23)","decl":{"start":{"line":227,"column":47},"end":{"line":227,"column":53}},"loc":{"start":{"line":227,"column":63},"end":{"line":239,"column":null}}},"9":{"name":"(anonymous_24)","decl":{"start":{"line":244,"column":43},"end":{"line":244,"column":49}},"loc":{"start":{"line":244,"column":59},"end":{"line":258,"column":null}}},"10":{"name":"(anonymous_25)","decl":{"start":{"line":263,"column":43},"end":{"line":263,"column":49}},"loc":{"start":{"line":263,"column":59},"end":{"line":282,"column":null}}},"11":{"name":"(anonymous_26)","decl":{"start":{"line":286,"column":35},"end":{"line":286,"column":41}},"loc":{"start":{"line":286,"column":49},"end":{"line":293,"column":null}}},"12":{"name":"(anonymous_27)","decl":{"start":{"line":297,"column":44},"end":{"line":297,"column":50}},"loc":{"start":{"line":297,"column":58},"end":{"line":316,"column":null}}}},"branchMap":{"0":{"loc":{"start":{"line":40,"column":4},"end":{"line":42,"column":null}},"type":"if","locations":[{"start":{"line":40,"column":4},"end":{"line":42,"column":null}},{"start":{},"end":{}}]},"1":{"loc":{"start":{"line":40,"column":7},"end":{"line":40,"column":27}},"type":"binary-expr","locations":[{"start":{"line":40,"column":7},"end":{"line":40,"column":17}},{"start":{"line":40,"column":17},"end":{"line":40,"column":27}}]},"2":{"loc":{"start":{"line":47,"column":4},"end":{"line":49,"column":null}},"type":"if","locations":[{"start":{"line":47,"column":4},"end":{"line":49,"column":null}},{"start":{},"end":{}}]},"3":{"loc":{"start":{"line":50,"column":4},"end":{"line":52,"column":null}},"type":"if","locations":[{"start":{"line":50,"column":4},"end":{"line":52,"column":null}},{"start":{},"end":{}}]},"4":{"loc":{"start":{"line":57,"column":4},"end":{"line":59,"column":null}},"type":"if","locations":[{"start":{"line":57,"column":4},"end":{"line":59,"column":null}},{"start":{},"end":{}}]},"5":{"loc":{"start":{"line":97,"column":4},"end":{"line":99,"column":null}},"type":"if","locations":[{"start":{"line":97,"column":4},"end":{"line":99,"column":null}},{"start":{},"end":{}}]},"6":{"loc":{"start":{"line":153,"column":4},"end":{"line":155,"column":null}},"type":"if","locations":[{"start":{"line":153,"column":4},"end":{"line":155,"column":null}},{"start":{},"end":{}}]},"7":{"loc":{"start":{"line":157,"column":4},"end":{"line":159,"column":null}},"type":"if","locations":[{"start":{"line":157,"column":4},"end":{"line":159,"column":null}},{"start":{},"end":{}}]},"8":{"loc":{"start":{"line":197,"column":4},"end":{"line":199,"column":null}},"type":"if","locations":[{"start":{"line":197,"column":4},"end":{"line":199,"column":null}},{"start":{},"end":{}}]},"9":{"loc":{"start":{"line":231,"column":4},"end":{"line":233,"column":null}},"type":"if","locations":[{"start":{"line":231,"column":4},"end":{"line":233,"column":null}},{"start":{},"end":{}}]},"10":{"loc":{"start":{"line":269,"column":4},"end":{"line":271,"column":null}},"type":"if","locations":[{"start":{"line":269,"column":4},"end":{"line":271,"column":null}},{"start":{},"end":{}}]},"11":{"loc":{"start":{"line":302,"column":4},"end":{"line":304,"column":null}},"type":"if","locations":[{"start":{"line":302,"column":4},"end":{"line":304,"column":null}},{"start":{},"end":{}}]},"12":{"loc":{"start":{"line":311,"column":4},"end":{"line":311,"column":null}},"type":"if","locations":[{"start":{"line":311,"column":4},"end":{"line":311,"column":null}},{"start":{},"end":{}}]}},"s":{"0":3,"1":3,"2":3,"3":3,"4":3,"5":0,"6":3,"7":3,"8":3,"9":3,"10":3,"11":3,"12":3,"13":3,"14":3,"15":3,"16":3,"17":3,"18":3,"19":3,"20":3,"21":3,"22":3,"23":1,"24":3,"25":3,"26":3,"27":3,"28":0,"29":3,"30":3,"31":0,"32":2,"33":0,"34":2,"35":2,"36":1,"37":1,"38":1,"39":3,"40":1,"41":1,"42":3,"43":3,"44":3,"45":1,"46":2,"47":2,"48":0,"49":0,"50":0,"51":0,"52":0,"53":0,"54":0,"55":0,"56":0,"57":3,"58":0,"59":0,"60":0,"61":0,"62":0,"63":0,"64":0,"65":0,"66":0,"67":0,"68":0,"69":3,"70":0,"71":0,"72":3,"73":0,"74":0,"75":0,"76":0,"77":0,"78":0,"79":0,"80":3,"81":0,"82":0,"83":3,"84":0,"85":0,"86":0,"87":0,"88":3,"89":0,"90":0,"91":0,"92":3,"93":0,"94":0,"95":0,"96":0,"97":0,"98":3,"99":0,"100":0,"101":0,"102":3,"103":0,"104":0,"105":0,"106":0,"107":0,"108":0,"109":0,"110":0,"111":0},"f":{"0":3,"1":3,"2":1,"3":3,"4":0,"5":0,"6":0,"7":0,"8":0,"9":0,"10":0,"11":0,"12":0},"b":{"0":[0,3],"1":[3,3],"2":[0,2],"3":[0,2],"4":[1,1],"5":[1,2],"6":[0,0],"7":[0,0],"8":[0,0],"9":[0,0],"10":[0,0],"11":[0,0],"12":[0,0]}}
,"E:\\mern stack course\\30 day project\\EnterpriseSOP\\backend\\models\\SopChunk.js": {"path":"E:\\mern stack course\\30 day project\\EnterpriseSOP\\backend\\models\\SopChunk.js","statementMap":{"0":{"start":{"line":10,"column":0},"end":{"line":10,"column":15}},"1":{"start":{"line":1,"column":21},"end":{"line":1,"column":null}},"2":{"start":{"line":3,"column":23},"end":{"line":8,"column":null}},"3":{"start":{"line":10,"column":15},"end":{"line":10,"column":null}}},"fnMap":{},"branchMap":{},"s":{"0":1,"1":4,"2":4,"3":4},"f":{},"b":{}}
,"E:\\mern stack course\\30 day project\\EnterpriseSOP\\backend\\models\\SopDocs.js": {"path":"E:\\mern stack course\\30 day project\\EnterpriseSOP\\backend\\models\\SopDocs.js","statementMap":{"0":{"start":{"line":10,"column":0},"end":{"line":10,"column":15}},"1":{"start":{"line":1,"column":21},"end":{"line":1,"column":null}},"2":{"start":{"line":3,"column":22},"end":{"line":8,"column":null}},"3":{"start":{"line":10,"column":15},"end":{"line":10,"column":null}}},"fnMap":{},"branchMap":{},"s":{"0":1,"1":3,"2":3,"3":3},"f":{},"b":{}}
,"E:\\mern stack course\\30 day project\\EnterpriseSOP\\backend\\models\\User.js": {"path":"E:\\mern stack course\\30 day project\\EnterpriseSOP\\backend\\models\\User.js","statementMap":{"0":{"start":{"line":80,"column":0},"end":{"line":80,"column":15}},"1":{"start":{"line":2,"column":21},"end":{"line":2,"column":null}},"2":{"start":{"line":3,"column":19},"end":{"line":3,"column":null}},"3":{"start":{"line":4,"column":16},"end":{"line":4,"column":null}},"4":{"start":{"line":5,"column":19},"end":{"line":5,"column":null}},"5":{"start":{"line":7,"column":19},"end":{"line":38,"column":null}},"6":{"start":{"line":42,"column":0},"end":{"line":47,"column":null}},"7":{"start":{"line":43,"column":4},"end":{"line":45,"column":null}},"8":{"start":{"line":44,"column":8},"end":{"line":44,"column":null}},"9":{"start":{"line":46,"column":4},"end":{"line":46,"column":null}},"10":{"start":{"line":50,"column":0},"end":{"line":56,"column":null}},"11":{"start":{"line":52,"column":4},"end":{"line":54,"column":null}},"12":{"start":{"line":59,"column":0},"end":{"line":61,"column":null}},"13":{"start":{"line":60,"column":4},"end":{"line":60,"column":null}},"14":{"start":{"line":65,"column":0},"end":{"line":78,"column":null}},"15":{"start":{"line":69,"column":23},"end":{"line":69,"column":null}},"16":{"start":{"line":71,"column":4},"end":{"line":71,"column":null}},"17":{"start":{"line":74,"column":4},"end":{"line":74,"column":null}},"18":{"start":{"line":76,"column":4},"end":{"line":76,"column":null}},"19":{"start":{"line":80,"column":15},"end":{"line":80,"column":null}}},"fnMap":{"0":{"name":"(anonymous_2)","decl":{"start":{"line":42,"column":23},"end":{"line":42,"column":38}},"loc":{"start":{"line":42,"column":42},"end":{"line":47,"column":null}}},"1":{"name":"(anonymous_3)","decl":{"start":{"line":50,"column":33},"end":{"line":50,"column":null}},"loc":{"start":{"line":50,"column":33},"end":{"line":56,"column":null}}},"2":{"name":"(anonymous_4)","decl":{"start":{"line":59,"column":37},"end":{"line":59,"column":53}},"loc":{"start":{"line":59,"column":68},"end":{"line":61,"column":null}}},"3":{"name":"(anonymous_5)","decl":{"start":{"line":65,"column":43},"end":{"line":65,"column":null}},"loc":{"start":{"line":65,"column":43},"end":{"line":78,"column":null}}}},"branchMap":{"0":{"loc":{"start":{"line":43,"column":4},"end":{"line":45,"column":null}},"type":"if","locations":[{"start":{"line":43,"column":4},"end":{"line":45,"column":null}},{"start":{},"end":{}}]}},"s":{"0":71,"1":3,"2":3,"3":3,"4":3,"5":3,"6":3,"7":31,"8":5,"9":26,"10":3,"11":14,"12":3,"13":2,"14":3,"15":5,"16":5,"17":5,"18":5,"19":3},"f":{"0":31,"1":14,"2":2,"3":5},"b":{"0":[5,26]}}
,"E:\\mern stack course\\30 day project\\EnterpriseSOP\\backend\\models\\user.test.js": {"path":"E:\\mern stack course\\30 day project\\EnterpriseSOP\\backend\\models\\user.test.js","statementMap":{"0":{"start":{"line":5,"column":0},"end":{"line":68,"column":null}},"1":{"start":{"line":6,"column":2},"end":{"line":8,"column":null}},"2":{"start":{"line":10,"column":2},"end":{"line":12,"column":null}},"3":{"start":{"line":11,"column":4},"end":{"line":11,"column":31}},"4":{"start":{"line":14,"column":2},"end":{"line":16,"column":null}},"5":{"start":{"line":15,"column":4},"end":{"line":15,"column":null}},"6":{"start":{"line":18,"column":2},"end":{"line":30,"column":null}},"7":{"start":{"line":19,"column":21},"end":{"line":23,"column":null}},"8":{"start":{"line":24,"column":17},"end":{"line":24,"column":null}},"9":{"start":{"line":25,"column":4},"end":{"line":25,"column":null}},"10":{"start":{"line":27,"column":4},"end":{"line":27,"column":null}},"11":{"start":{"line":28,"column":4},"end":{"line":28,"column":null}},"12":{"start":{"line":29,"column":4},"end":{"line":29,"column":null}},"13":{"start":{"line":32,"column":2},"end":{"line":43,"column":null}},"14":{"start":{"line":33,"column":17},"end":{"line":33,"column":45}},"15":{"start":{"line":35,"column":4},"end":{"line":39,"column":null}},"16":{"start":{"line":36,"column":6},"end":{"line":36,"column":null}},"17":{"start":{"line":38,"column":6},"end":{"line":38,"column":null}},"18":{"start":{"line":40,"column":4},"end":{"line":40,"column":null}},"19":{"start":{"line":41,"column":4},"end":{"line":41,"column":null}},"20":{"start":{"line":42,"column":4},"end":{"line":42,"column":null}},"21":{"start":{"line":45,"column":2},"end":{"line":67,"column":null}},"22":{"start":{"line":46,"column":18},"end":{"line":50,"column":null}},"23":{"start":{"line":51,"column":4},"end":{"line":51,"column":null}},"24":{"start":{"line":53,"column":18},"end":{"line":57,"column":null}},"25":{"start":{"line":60,"column":4},"end":{"line":64,"column":null}},"26":{"start":{"line":61,"column":6},"end":{"line":61,"column":null}},"27":{"start":{"line":63,"column":6},"end":{"line":63,"column":null}},"28":{"start":{"line":65,"column":4},"end":{"line":65,"column":null}},"29":{"start":{"line":66,"column":4},"end":{"line":66,"column":36}}},"fnMap":{"0":{"name":"(anonymous_0)","decl":{"start":{"line":5,"column":23},"end":{"line":5,"column":null}},"loc":{"start":{"line":5,"column":23},"end":{"line":68,"column":null}}},"1":{"name":"(anonymous_1)","decl":{"start":{"line":6,"column":12},"end":{"line":6,"column":null}},"loc":{"start":{"line":6,"column":12},"end":{"line":8,"column":null}}},"2":{"name":"(anonymous_2)","decl":{"start":{"line":10,"column":12},"end":{"line":10,"column":null}},"loc":{"start":{"line":10,"column":12},"end":{"line":12,"column":null}}},"3":{"name":"(anonymous_3)","decl":{"start":{"line":14,"column":11},"end":{"line":14,"column":null}},"loc":{"start":{"line":14,"column":11},"end":{"line":16,"column":null}}},"4":{"name":"(anonymous_4)","decl":{"start":{"line":18,"column":42},"end":{"line":18,"column":null}},"loc":{"start":{"line":18,"column":42},"end":{"line":30,"column":null}}},"5":{"name":"(anonymous_5)","decl":{"start":{"line":32,"column":53},"end":{"line":32,"column":null}},"loc":{"start":{"line":32,"column":53},"end":{"line":43,"column":null}}},"6":{"name":"(anonymous_6)","decl":{"start":{"line":45,"column":36},"end":{"line":45,"column":null}},"loc":{"start":{"line":45,"column":36},"end":{"line":67,"column":null}}}},"branchMap":{},"s":{"0":0,"1":0,"2":0,"3":0,"4":0,"5":0,"6":0,"7":0,"8":0,"9":0,"10":0,"11":0,"12":0,"13":0,"14":0,"15":0,"16":0,"17":0,"18":0,"19":0,"20":0,"21":0,"22":0,"23":0,"24":0,"25":0,"26":0,"27":0,"28":0,"29":0},"f":{"0":0,"1":0,"2":0,"3":0,"4":0,"5":0,"6":0},"b":{}}
}
