TN:
SF:app.js
FN:30,(anonymous_2)
FNF:1
FNH:1
FNDA:3,(anonymous_2)
DA:1,3
DA:2,3
DA:3,3
DA:4,3
DA:5,3
DA:6,3
DA:7,3
DA:8,3
DA:9,3
DA:10,3
DA:13,3
DA:15,3
DA:16,3
DA:22,3
DA:23,3
DA:25,3
DA:26,3
DA:27,3
DA:29,3
DA:30,3
DA:31,3
DA:35,42
LF:22
LH:22
BRF:0
BRH:0
end_of_record
TN:
SF:controller\chatController.js
FN:8,(anonymous_2)
FN:26,(anonymous_3)
FN:48,(anonymous_4)
FNF:3
FNH:3
FNDA:5,(anonymous_2)
FNDA:3,(anonymous_3)
FNDA:2,(anonymous_4)
DA:1,3
DA:3,3
DA:5,3
DA:6,3
DA:8,3
DA:9,5
DA:10,5
DA:11,1
DA:13,4
DA:16,4
DA:20,4
DA:22,3
DA:23,1
DA:26,3
DA:30,2
DA:41,2
DA:46,1
DA:48,2
LF:18
LH:18
BRDA:10,0,0,1
BRDA:10,0,1,4
BRDA:22,1,0,1
BRDA:22,1,1,2
BRF:4
BRH:4
end_of_record
TN:
SF:controller\uploadController.js
FN:7,(anonymous_5)
FN:26,(anonymous_6)
FN:36,(anonymous_7)
FN:43,(anonymous_8)
FNF:4
FNH:4
FNDA:3,(anonymous_5)
FNDA:3,(anonymous_6)
FNDA:4,(anonymous_7)
FNDA:3,(anonymous_8)
DA:1,3
DA:2,3
DA:3,3
DA:4,3
DA:5,3
DA:7,3
DA:8,3
DA:9,2
DA:13,2
DA:15,2
DA:16,6
DA:17,6
DA:18,6
DA:19,5
DA:24,5
DA:25,5
DA:26,3
DA:29,1
DA:33,2
DA:36,3
DA:37,4
DA:38,4
DA:39,3
DA:40,3
DA:43,3
DA:44,3
DA:45,2
LF:27
LH:27
BRDA:25,0,0,3
BRDA:25,0,1,2
BRF:2
BRH:2
end_of_record
TN:
SF:controller\userController.js
FN:13,(anonymous_15)
FN:28,(anonymous_16)
FN:55,(anonymous_17)
FN:64,(anonymous_18)
FN:92,(anonymous_19)
FN:120,(anonymous_20)
FN:126,(anonymous_21)
FN:138,(anonymous_22)
FN:144,(anonymous_23)
FN:153,(anonymous_24)
FN:164,(anonymous_25)
FN:174,(anonymous_26)
FN:180,(anonymous_27)
FNF:13
FNH:12
FNDA:3,(anonymous_15)
FNDA:4,(anonymous_16)
FNDA:1,(anonymous_17)
FNDA:3,(anonymous_18)
FNDA:3,(anonymous_19)
FNDA:0,(anonymous_20)
FNDA:2,(anonymous_21)
FNDA:2,(anonymous_22)
FNDA:2,(anonymous_23)
FNDA:1,(anonymous_24)
FNDA:2,(anonymous_25)
FNDA:1,(anonymous_26)
FNDA:2,(anonymous_27)
DA:1,3
DA:2,3
DA:3,3
DA:4,3
DA:5,3
DA:6,3
DA:7,3
DA:13,3
DA:14,3
DA:15,3
DA:16,1
DA:19,2
DA:20,2
DA:21,1
DA:23,1
DA:28,3
DA:29,4
DA:31,4
DA:32,0
DA:35,4
DA:37,4
DA:38,1
DA:42,2
DA:43,0
DA:46,2
DA:47,2
DA:48,1
DA:51,1
DA:55,3
DA:56,1
DA:60,1
DA:64,3
DA:65,3
DA:66,3
DA:67,1
DA:70,2
DA:71,2
DA:73,2
DA:74,2
DA:76,2
DA:77,2
DA:82,1
DA:84,1
DA:85,1
DA:86,1
DA:87,1
DA:92,3
DA:93,3
DA:98,3
DA:103,3
DA:104,1
DA:107,2
DA:108,1
DA:111,1
DA:112,1
DA:113,1
DA:114,1
DA:116,1
DA:120,3
DA:121,0
DA:122,0
DA:126,3
DA:127,2
DA:128,2
DA:129,2
DA:130,1
DA:132,1
DA:133,1
DA:134,1
DA:138,3
DA:139,2
DA:140,2
DA:144,3
DA:145,2
DA:146,2
DA:147,1
DA:149,1
DA:153,3
DA:154,1
DA:159,1
DA:160,1
DA:164,3
DA:165,2
DA:166,2
DA:167,1
DA:169,1
DA:170,1
DA:174,3
DA:175,1
DA:176,1
DA:180,3
DA:181,2
DA:182,2
DA:183,2
DA:184,1
DA:186,1
DA:191,1
DA:192,0
DA:194,1
LF:99
LH:94
BRDA:15,0,0,1
BRDA:15,0,1,2
BRDA:15,1,0,3
BRDA:15,1,1,3
BRDA:15,1,2,2
BRDA:31,2,0,0
BRDA:31,2,1,4
BRDA:31,3,0,4
BRDA:31,3,1,4
BRDA:37,4,0,1
BRDA:37,4,1,2
BRDA:42,5,0,0
BRDA:42,5,1,2
BRDA:47,6,0,1
BRDA:47,6,1,1
BRDA:66,7,0,1
BRDA:66,7,1,2
BRDA:103,8,0,1
BRDA:103,8,1,2
BRDA:107,9,0,1
BRDA:107,9,1,1
BRDA:129,10,0,1
BRDA:129,10,1,1
BRDA:146,11,0,1
BRDA:146,11,1,1
BRDA:166,12,0,1
BRDA:166,12,1,1
BRDA:183,13,0,1
BRDA:183,13,1,1
BRDA:191,14,0,0
BRDA:191,14,1,1
BRF:31
BRH:28
end_of_record
TN:
SF:models\SopChunk.js
FNF:0
FNH:0
DA:1,4
DA:3,4
DA:10,4
LF:3
LH:3
BRF:0
BRH:0
end_of_record
TN:
SF:models\SopDocs.js
FNF:0
FNH:0
DA:1,3
DA:3,3
DA:10,3
LF:3
LH:3
BRF:0
BRH:0
end_of_record
TN:
SF:models\User.js
FN:42,(anonymous_2)
FN:50,(anonymous_3)
FN:59,(anonymous_4)
FN:65,(anonymous_5)
FNF:4
FNH:4
FNDA:48,(anonymous_2)
FNDA:17,(anonymous_3)
FNDA:6,(anonymous_4)
FNDA:5,(anonymous_5)
DA:2,3
DA:3,3
DA:4,3
DA:5,3
DA:7,3
DA:42,3
DA:43,48
DA:44,6
DA:46,42
DA:50,3
DA:52,17
DA:59,3
DA:60,6
DA:65,3
DA:69,5
DA:71,5
DA:74,5
DA:76,5
DA:80,107
LF:19
LH:19
BRDA:43,0,0,6
BRDA:43,0,1,42
BRF:2
BRH:2
end_of_record
TN:
SF:models\user.test.js
FN:5,(anonymous_0)
FN:6,(anonymous_1)
FN:10,(anonymous_2)
FN:14,(anonymous_3)
FN:18,(anonymous_4)
FN:32,(anonymous_5)
FN:45,(anonymous_6)
FNF:7
FNH:0
FNDA:0,(anonymous_0)
FNDA:0,(anonymous_1)
FNDA:0,(anonymous_2)
FNDA:0,(anonymous_3)
FNDA:0,(anonymous_4)
FNDA:0,(anonymous_5)
FNDA:0,(anonymous_6)
DA:5,0
DA:6,0
DA:10,0
DA:11,0
DA:14,0
DA:15,0
DA:18,0
DA:19,0
DA:24,0
DA:25,0
DA:27,0
DA:28,0
DA:29,0
DA:32,0
DA:33,0
DA:35,0
DA:36,0
DA:38,0
DA:40,0
DA:41,0
DA:42,0
DA:45,0
DA:46,0
DA:51,0
DA:53,0
DA:60,0
DA:61,0
DA:63,0
DA:65,0
DA:66,0
LF:30
LH:0
BRF:0
BRH:0
end_of_record
