TN:
SF:app.js
FN:28,(anonymous_2)
FNF:1
FNH:1
FNDA:3,(anonymous_2)
DA:1,3
DA:2,3
DA:3,3
DA:4,3
DA:5,3
DA:6,3
DA:7,3
DA:8,3
DA:9,3
DA:12,3
DA:14,3
DA:15,3
DA:21,3
DA:22,3
DA:24,3
DA:25,3
DA:27,3
DA:28,3
DA:29,3
DA:33,29
LF:20
LH:20
BRF:0
BRH:0
end_of_record
TN:
SF:controller\chatController.js
FN:5,(anonymous_1)
FN:20,(anonymous_2)
FN:42,(anonymous_3)
FNF:3
FNH:3
FNDA:5,(anonymous_1)
FNDA:4,(anonymous_2)
FNDA:2,(anonymous_3)
DA:1,3
DA:3,3
DA:5,3
DA:6,5
DA:7,5
DA:10,5
DA:14,5
DA:16,4
DA:17,1
DA:20,4
DA:24,3
DA:35,3
DA:40,1
DA:42,2
LF:14
LH:14
BRDA:16,0,0,1
BRDA:16,0,1,3
BRF:2
BRH:2
end_of_record
TN:
SF:controller\uploadController.js
FN:7,(anonymous_5)
FN:37,(anonymous_6)
FN:51,(anonymous_7)
FN:69,(anonymous_8)
FNF:4
FNH:0
FNDA:0,(anonymous_5)
FNDA:0,(anonymous_6)
FNDA:0,(anonymous_7)
FNDA:0,(anonymous_8)
DA:1,3
DA:2,3
DA:3,3
DA:4,3
DA:5,3
DA:7,3
DA:8,0
DA:9,0
DA:13,0
DA:24,0
DA:25,0
DA:26,0
DA:27,0
DA:28,0
DA:33,0
DA:36,0
DA:37,0
DA:40,0
DA:46,0
DA:51,3
DA:52,0
DA:54,0
DA:57,0
DA:61,0
DA:69,3
DA:70,0
DA:71,0
LF:27
LH:8
BRDA:36,0,0,0
BRDA:36,0,1,0
BRF:2
BRH:0
end_of_record
TN:
SF:controller\userController.js
FN:12,(anonymous_15)
FN:34,(anonymous_16)
FN:74,(anonymous_17)
FN:91,(anonymous_18)
FN:142,(anonymous_19)
FN:177,(anonymous_20)
FN:189,(anonymous_21)
FN:215,(anonymous_22)
FN:227,(anonymous_23)
FN:244,(anonymous_24)
FN:263,(anonymous_25)
FN:286,(anonymous_26)
FN:297,(anonymous_27)
FNF:13
FNH:4
FNDA:3,(anonymous_15)
FNDA:3,(anonymous_16)
FNDA:1,(anonymous_17)
FNDA:3,(anonymous_18)
FNDA:0,(anonymous_19)
FNDA:0,(anonymous_20)
FNDA:0,(anonymous_21)
FNDA:0,(anonymous_22)
FNDA:0,(anonymous_23)
FNDA:0,(anonymous_24)
FNDA:0,(anonymous_25)
FNDA:0,(anonymous_26)
FNDA:0,(anonymous_27)
DA:1,3
DA:2,3
DA:3,3
DA:4,3
DA:5,3
DA:6,3
DA:7,3
DA:12,3
DA:14,3
DA:16,3
DA:24,1
DA:34,3
DA:36,3
DA:38,3
DA:40,3
DA:41,0
DA:45,3
DA:47,3
DA:50,2
DA:51,0
DA:55,2
DA:57,2
DA:58,1
DA:60,1
DA:69,1
DA:74,3
DA:76,1
DA:81,1
DA:91,3
DA:95,3
DA:97,3
DA:98,1
DA:103,2
DA:105,2
DA:109,0
DA:111,0
DA:114,0
DA:116,0
DA:122,0
DA:127,0
DA:128,0
DA:130,0
DA:131,0
DA:142,3
DA:146,0
DA:148,0
DA:153,0
DA:154,0
DA:157,0
DA:158,0
DA:163,0
DA:165,0
DA:166,0
DA:168,0
DA:170,0
DA:177,3
DA:179,0
DA:181,0
DA:189,3
DA:191,0
DA:195,0
DA:197,0
DA:198,0
DA:201,0
DA:203,0
DA:205,0
DA:215,3
DA:217,0
DA:219,0
DA:227,3
DA:229,0
DA:231,0
DA:232,0
DA:235,0
DA:244,3
DA:246,0
DA:252,0
DA:254,0
DA:263,3
DA:267,0
DA:269,0
DA:270,0
DA:276,0
DA:278,0
DA:286,3
DA:287,0
DA:288,0
DA:290,0
DA:297,3
DA:298,0
DA:300,0
DA:302,0
DA:303,0
DA:305,0
DA:309,0
DA:311,0
DA:313,0
LF:97
LH:41
BRDA:40,0,0,0
BRDA:40,0,1,3
BRDA:40,1,0,3
BRDA:40,1,1,3
BRDA:47,2,0,0
BRDA:47,2,1,2
BRDA:50,3,0,0
BRDA:50,3,1,2
BRDA:57,4,0,1
BRDA:57,4,1,1
BRDA:97,5,0,1
BRDA:97,5,1,2
BRDA:153,6,0,0
BRDA:153,6,1,0
BRDA:157,7,0,0
BRDA:157,7,1,0
BRDA:197,8,0,0
BRDA:197,8,1,0
BRDA:231,9,0,0
BRDA:231,9,1,0
BRDA:269,10,0,0
BRDA:269,10,1,0
BRDA:302,11,0,0
BRDA:302,11,1,0
BRDA:311,12,0,0
BRDA:311,12,1,0
BRF:26
BRH:9
end_of_record
TN:
SF:models\SopChunk.js
FNF:0
FNH:0
DA:1,4
DA:3,4
DA:10,4
LF:3
LH:3
BRF:0
BRH:0
end_of_record
TN:
SF:models\SopDocs.js
FNF:0
FNH:0
DA:1,3
DA:3,3
DA:10,3
LF:3
LH:3
BRF:0
BRH:0
end_of_record
TN:
SF:models\User.js
FN:42,(anonymous_2)
FN:50,(anonymous_3)
FN:59,(anonymous_4)
FN:65,(anonymous_5)
FNF:4
FNH:4
FNDA:31,(anonymous_2)
FNDA:14,(anonymous_3)
FNDA:2,(anonymous_4)
FNDA:5,(anonymous_5)
DA:2,3
DA:3,3
DA:4,3
DA:5,3
DA:7,3
DA:42,3
DA:43,31
DA:44,5
DA:46,26
DA:50,3
DA:52,14
DA:59,3
DA:60,2
DA:65,3
DA:69,5
DA:71,5
DA:74,5
DA:76,5
DA:80,71
LF:19
LH:19
BRDA:43,0,0,5
BRDA:43,0,1,26
BRF:2
BRH:2
end_of_record
TN:
SF:models\user.test.js
FN:5,(anonymous_0)
FN:6,(anonymous_1)
FN:10,(anonymous_2)
FN:14,(anonymous_3)
FN:18,(anonymous_4)
FN:32,(anonymous_5)
FN:45,(anonymous_6)
FNF:7
FNH:0
FNDA:0,(anonymous_0)
FNDA:0,(anonymous_1)
FNDA:0,(anonymous_2)
FNDA:0,(anonymous_3)
FNDA:0,(anonymous_4)
FNDA:0,(anonymous_5)
FNDA:0,(anonymous_6)
DA:5,0
DA:6,0
DA:10,0
DA:11,0
DA:14,0
DA:15,0
DA:18,0
DA:19,0
DA:24,0
DA:25,0
DA:27,0
DA:28,0
DA:29,0
DA:32,0
DA:33,0
DA:35,0
DA:36,0
DA:38,0
DA:40,0
DA:41,0
DA:42,0
DA:45,0
DA:46,0
DA:51,0
DA:53,0
DA:60,0
DA:61,0
DA:63,0
DA:65,0
DA:66,0
LF:30
LH:0
BRF:0
BRH:0
end_of_record
